[debug] [2021-09-27T19:34:39.155Z] ----------------------------------------------------------------------
[debug] [2021-09-27T19:34:39.157Z] Command:       C:\Program Files\nodejs\node.exe C:\Users\dell\AppData\Roaming\npm\node_modules\firebase-tools\lib\bin\firebase.js serve
[debug] [2021-09-27T19:34:39.158Z] CLI Version:   9.18.0
[debug] [2021-09-27T19:34:39.158Z] Platform:      win32
[debug] [2021-09-27T19:34:39.158Z] Node Version:  v15.6.0
[debug] [2021-09-27T19:34:39.158Z] Time:          Mon Sep 27 2021 23:34:39 GMT+0400 (Gulf Standard Time)
[debug] [2021-09-27T19:34:39.158Z] ----------------------------------------------------------------------
[debug] 
[debug] [2021-09-27T19:34:39.207Z] > command requires scopes: ["email","openid","https://www.googleapis.com/auth/cloudplatformprojects.readonly","https://www.googleapis.com/auth/firebase","https://www.googleapis.com/auth/cloud-platform"]
[debug] [2021-09-27T19:34:39.207Z] > authorizing via signed-in user (khadimtailors21@gmail.com)
[debug] [2021-09-27T19:34:39.207Z] [iam] checking project khadim-tailors for permissions ["firebase.projects.get"]
[debug] [2021-09-27T19:34:39.209Z] > refreshing access token with scopes: ["email","https://www.googleapis.com/auth/cloud-platform","https://www.googleapis.com/auth/cloudplatformprojects.readonly","https://www.googleapis.com/auth/firebase","openid"]
[debug] [2021-09-27T19:34:39.209Z] >>> HTTP REQUEST POST https://www.googleapis.com/oauth2/v3/token  
 <request body omitted>
[debug] [2021-09-27T19:34:39.545Z] <<< HTTP RESPONSE 200 {"date":"Mon, 27 Sep 2021 19:34:39 GMT","pragma":"no-cache","expires":"Mon, 01 Jan 1990 00:00:00 GMT","cache-control":"no-cache, no-store, max-age=0, must-revalidate","content-type":"application/json; charset=utf-8","vary":"X-Origin, Referer, Origin,Accept-Encoding","server":"scaffolding on HTTPServer2","x-xss-protection":"0","x-frame-options":"SAMEORIGIN","x-content-type-options":"nosniff","alt-svc":"h3=\":443\"; ma=2592000,h3-29=\":443\"; ma=2592000,h3-T051=\":443\"; ma=2592000,h3-Q050=\":443\"; ma=2592000,h3-Q046=\":443\"; ma=2592000,h3-Q043=\":443\"; ma=2592000,quic=\":443\"; ma=2592000; v=\"46,43\"","accept-ranges":"none","transfer-encoding":"chunked"}
[debug] [2021-09-27T19:34:39.562Z] >>> HTTP REQUEST POST https://cloudresourcemanager.googleapis.com/v1/projects/khadim-tailors:testIamPermissions  
 {"permissions":["firebase.projects.get"]}
[debug] [2021-09-27T19:34:41.046Z] <<< HTTP RESPONSE 200 {"content-type":"application/json; charset=UTF-8","vary":"X-Origin, Referer, Origin,Accept-Encoding","date":"Mon, 27 Sep 2021 19:34:41 GMT","server":"ESF","cache-control":"private","x-xss-protection":"0","x-frame-options":"SAMEORIGIN","x-content-type-options":"nosniff","server-timing":"gfet4t7; dur=1186","alt-svc":"h3=\":443\"; ma=2592000,h3-29=\":443\"; ma=2592000,h3-T051=\":443\"; ma=2592000,h3-Q050=\":443\"; ma=2592000,h3-Q046=\":443\"; ma=2592000,h3-Q043=\":443\"; ma=2592000,quic=\":443\"; ma=2592000; v=\"46,43\"","accept-ranges":"none","transfer-encoding":"chunked"}
[debug] [2021-09-27T19:34:41.051Z] > refreshing access token with scopes: []
[debug] [2021-09-27T19:34:41.051Z] >>> HTTP REQUEST POST https://www.googleapis.com/oauth2/v3/token  
 <request body omitted>
[debug] [2021-09-27T19:34:41.341Z] <<< HTTP RESPONSE 200 {"date":"Mon, 27 Sep 2021 19:34:41 GMT","cache-control":"no-cache, no-store, max-age=0, must-revalidate","pragma":"no-cache","expires":"Mon, 01 Jan 1990 00:00:00 GMT","content-type":"application/json; charset=utf-8","vary":"X-Origin, Referer, Origin,Accept-Encoding","server":"scaffolding on HTTPServer2","x-xss-protection":"0","x-frame-options":"SAMEORIGIN","x-content-type-options":"nosniff","alt-svc":"h3=\":443\"; ma=2592000,h3-29=\":443\"; ma=2592000,h3-T051=\":443\"; ma=2592000,h3-Q050=\":443\"; ma=2592000,h3-Q046=\":443\"; ma=2592000,h3-Q043=\":443\"; ma=2592000,quic=\":443\"; ma=2592000; v=\"46,43\"","accept-ranges":"none","transfer-encoding":"chunked"}
[debug] [2021-09-27T19:34:41.369Z] >>> [apiv2][query] GET https://firebase.googleapis.com/v1beta1/projects/khadim-tailors [none]
[debug] [2021-09-27T19:34:41.841Z] <<< [apiv2][status] GET https://firebase.googleapis.com/v1beta1/projects/khadim-tailors 200
[debug] [2021-09-27T19:34:41.842Z] <<< [apiv2][body] GET https://firebase.googleapis.com/v1beta1/projects/khadim-tailors {"projectId":"khadim-tailors","projectNumber":"414625762347","displayName":"khadim-tailors","name":"projects/khadim-tailors","resources":{"hostingSite":"khadim-tailors","storageBucket":"khadim-tailors.appspot.com","locationId":"us-central"},"state":"ACTIVE"}
[info] 
[info] === Serving from 'C:\Users\dell\Desktop\khadim-tailors'...
[info] 
[debug] [2021-09-27T19:34:41.848Z] >>> [apiv2][query] GET https://firebasehosting.googleapis.com/v1beta1/projects/khadim-tailors/sites 
[warn] !  Your requested "node" version "14" doesn't match your global version "15" {"metadata":{"emulator":{"name":"functions"},"message":"Your requested \"node\" version \"14\" doesn't match your global version \"15\""}}
[debug] [2021-09-27T19:34:41.858Z] defaultcredentials: writing to file C:\Users\dell\AppData\Roaming\firebase\khadimtailors21_gmail_com_application_default_credentials.json
[debug] [2021-09-27T19:34:41.860Z] Setting GAC to C:\Users\dell\AppData\Roaming\firebase\khadimtailors21_gmail_com_application_default_credentials.json {"metadata":{"emulator":{"name":"functions"},"message":"Setting GAC to C:\\Users\\dell\\AppData\\Roaming\\firebase\\khadimtailors21_gmail_com_application_default_credentials.json"}}
[debug] [2021-09-27T19:34:41.861Z] >>> [apiv2][query] GET https://firebase.googleapis.com/v1beta1/projects/khadim-tailors/adminSdkConfig [none]
[debug] [2021-09-27T19:34:42.318Z] <<< [apiv2][status] GET https://firebase.googleapis.com/v1beta1/projects/khadim-tailors/adminSdkConfig 200
[debug] [2021-09-27T19:34:42.319Z] <<< [apiv2][body] GET https://firebase.googleapis.com/v1beta1/projects/khadim-tailors/adminSdkConfig {"projectId":"khadim-tailors","storageBucket":"khadim-tailors.appspot.com","locationId":"us-central"}
[debug] [2021-09-27T19:34:43.436Z] <<< [apiv2][status] GET https://firebasehosting.googleapis.com/v1beta1/projects/khadim-tailors/sites 200
[debug] [2021-09-27T19:34:43.436Z] <<< [apiv2][body] GET https://firebasehosting.googleapis.com/v1beta1/projects/khadim-tailors/sites {"sites":[{"name":"projects/414625762347/sites/khadim-tailors","defaultUrl":"https://khadim-tailors.web.app","type":"DEFAULT_SITE"}]}
[debug] [2021-09-27T19:34:43.437Z] >>> [apiv2][query] GET https://firebase.googleapis.com/v1beta1/projects/khadim-tailors/webApps/-/config [none]
[debug] [2021-09-27T19:34:44.173Z] <<< [apiv2][status] GET https://firebase.googleapis.com/v1beta1/projects/khadim-tailors/webApps/-/config 200
[debug] [2021-09-27T19:34:44.173Z] <<< [apiv2][body] GET https://firebase.googleapis.com/v1beta1/projects/khadim-tailors/webApps/-/config {"projectId":"khadim-tailors","storageBucket":"khadim-tailors.appspot.com","locationId":"us-central","apiKey":"AIzaSyDI9cGmSd6NOwnqTH62wY_eMZDmDN6riNE","authDomain":"khadim-tailors.firebaseapp.com","messagingSenderId":"414625762347"}
[info] i  functions: Watching "C:\Users\dell\Desktop\khadim-tailors\functions" for Cloud Functions... {"metadata":{"emulator":{"name":"functions"},"message":"Watching \"C:\\Users\\dell\\Desktop\\khadim-tailors\\functions\" for Cloud Functions..."}}
[debug] [2021-09-27T19:34:44.226Z] [worker-pool] addWorker(~diagnostic~) {"metadata":{"emulator":{"name":"functions"},"message":"[worker-pool] addWorker(~diagnostic~)"}}
[debug] [2021-09-27T19:34:44.227Z] [worker-pool] Adding worker with key ~diagnostic~, total=1 {"metadata":{"emulator":{"name":"functions"},"message":"[worker-pool] Adding worker with key ~diagnostic~, total=1"}}
[debug] [2021-09-27T19:34:44.227Z] [worker-pool] submitWork(triggerId=) {"metadata":{"emulator":{"name":"functions"},"message":"[worker-pool] submitWork(triggerId=)"}}
[debug] [2021-09-27T19:34:44.228Z] [worker-~diagnostic~-eed1c5c4-27f6-4f8b-bd58-2cb959e0722a]: Assigning socketPath: \\?\pipe\C:\Users\dell\Desktop\khadim-tailors\functions\11064 {"metadata":{"emulator":{"name":"functions"},"message":"[worker-~diagnostic~-eed1c5c4-27f6-4f8b-bd58-2cb959e0722a]: Assigning socketPath: \\\\?\\pipe\\C:\\Users\\dell\\Desktop\\khadim-tailors\\functions\\11064"}}
[debug] [2021-09-27T19:34:44.228Z] [worker-~diagnostic~-eed1c5c4-27f6-4f8b-bd58-2cb959e0722a]: BUSY {"metadata":{"emulator":{"name":"functions"},"message":"[worker-~diagnostic~-eed1c5c4-27f6-4f8b-bd58-2cb959e0722a]: BUSY"}}
[info] i  hosting: Serving hosting files from: public {"metadata":{"emulator":{"name":"hosting"},"message":"Serving hosting files from: \u001b[1mpublic\u001b[22m"}}
[info] +  hosting: Local server: http://localhost:5000 {"metadata":{"emulator":{"name":"hosting"},"message":"Local server: \u001b[4m\u001b[1mhttp://localhost:5000\u001b[22m\u001b[24m"}}
[debug] [2021-09-27T19:34:44.639Z] [runtime-status] [11064] Functions runtime initialized. {"cwd":"C:\\Users\\dell\\Desktop\\khadim-tailors\\functions","node_version":"15.6.0"} {"metadata":{"emulator":{"name":"functions"},"message":"[runtime-status] [11064] Functions runtime initialized. {\"cwd\":\"C:\\\\Users\\\\dell\\\\Desktop\\\\khadim-tailors\\\\functions\",\"node_version\":\"15.6.0\"}"}}
[debug] [2021-09-27T19:34:44.640Z] [runtime-status] [11064] Disabled runtime features: undefined {"metadata":{"emulator":{"name":"functions"},"message":"[runtime-status] [11064] Disabled runtime features: undefined"}}
[debug] [2021-09-27T19:34:44.644Z] [runtime-status] [11064] Resolved module firebase-admin {"declared":true,"installed":true,"version":"9.11.1","resolution":"C:\\Users\\dell\\Desktop\\khadim-tailors\\functions\\node_modules\\firebase-admin\\lib\\index.js"} {"metadata":{"emulator":{"name":"functions"},"message":"[runtime-status] [11064] Resolved module firebase-admin {\"declared\":true,\"installed\":true,\"version\":\"9.11.1\",\"resolution\":\"C:\\\\Users\\\\dell\\\\Desktop\\\\khadim-tailors\\\\functions\\\\node_modules\\\\firebase-admin\\\\lib\\\\index.js\"}"}}
[debug] [2021-09-27T19:34:44.647Z] [runtime-status] [11064] Resolved module firebase-functions {"declared":true,"installed":true,"version":"3.15.7","resolution":"C:\\Users\\dell\\Desktop\\khadim-tailors\\functions\\node_modules\\firebase-functions\\lib\\index.js"} {"metadata":{"emulator":{"name":"functions"},"message":"[runtime-status] [11064] Resolved module firebase-functions {\"declared\":true,\"installed\":true,\"version\":\"3.15.7\",\"resolution\":\"C:\\\\Users\\\\dell\\\\Desktop\\\\khadim-tailors\\\\functions\\\\node_modules\\\\firebase-functions\\\\lib\\\\index.js\"}"}}
[debug] [2021-09-27T19:34:44.649Z] [runtime-status] [11064] Resolved module firebase-functions {"declared":true,"installed":true,"version":"3.15.7","resolution":"C:\\Users\\dell\\Desktop\\khadim-tailors\\functions\\node_modules\\firebase-functions\\lib\\index.js"} {"metadata":{"emulator":{"name":"functions"},"message":"[runtime-status] [11064] Resolved module firebase-functions {\"declared\":true,\"installed\":true,\"version\":\"3.15.7\",\"resolution\":\"C:\\\\Users\\\\dell\\\\Desktop\\\\khadim-tailors\\\\functions\\\\node_modules\\\\firebase-functions\\\\lib\\\\index.js\"}"}}
[debug] [2021-09-27T19:34:44.650Z] [runtime-status] [11064] Outgoing network have been stubbed. [{"name":"http","status":"mocked"},{"name":"http","status":"mocked"},{"name":"https","status":"mocked"},{"name":"https","status":"mocked"},{"name":"net","status":"mocked"}] {"metadata":{"emulator":{"name":"functions"},"message":"[runtime-status] [11064] Outgoing network have been stubbed. [{\"name\":\"http\",\"status\":\"mocked\"},{\"name\":\"http\",\"status\":\"mocked\"},{\"name\":\"https\",\"status\":\"mocked\"},{\"name\":\"https\",\"status\":\"mocked\"},{\"name\":\"net\",\"status\":\"mocked\"}]"}}
[debug] [2021-09-27T19:34:44.651Z] [runtime-status] [11064] Resolved module firebase-functions {"declared":true,"installed":true,"version":"3.15.7","resolution":"C:\\Users\\dell\\Desktop\\khadim-tailors\\functions\\node_modules\\firebase-functions\\lib\\index.js"} {"metadata":{"emulator":{"name":"functions"},"message":"[runtime-status] [11064] Resolved module firebase-functions {\"declared\":true,\"installed\":true,\"version\":\"3.15.7\",\"resolution\":\"C:\\\\Users\\\\dell\\\\Desktop\\\\khadim-tailors\\\\functions\\\\node_modules\\\\firebase-functions\\\\lib\\\\index.js\"}"}}
[debug] [2021-09-27T19:34:44.703Z] [runtime-status] [11064] Checked functions.config() {"config":{}} {"metadata":{"emulator":{"name":"functions"},"message":"[runtime-status] [11064] Checked functions.config() {\"config\":{}}"}}
[debug] [2021-09-27T19:34:44.703Z] [runtime-status] [11064] firebase-functions has been stubbed. {"functionsResolution":{"declared":true,"installed":true,"version":"3.15.7","resolution":"C:\\Users\\dell\\Desktop\\khadim-tailors\\functions\\node_modules\\firebase-functions\\lib\\index.js"}} {"metadata":{"emulator":{"name":"functions"},"message":"[runtime-status] [11064] firebase-functions has been stubbed. {\"functionsResolution\":{\"declared\":true,\"installed\":true,\"version\":\"3.15.7\",\"resolution\":\"C:\\\\Users\\\\dell\\\\Desktop\\\\khadim-tailors\\\\functions\\\\node_modules\\\\firebase-functions\\\\lib\\\\index.js\"}}"}}
[debug] [2021-09-27T19:34:44.703Z] [runtime-status] [11064] Resolved module firebase-functions {"declared":true,"installed":true,"version":"3.15.7","resolution":"C:\\Users\\dell\\Desktop\\khadim-tailors\\functions\\node_modules\\firebase-functions\\lib\\index.js"} {"metadata":{"emulator":{"name":"functions"},"message":"[runtime-status] [11064] Resolved module firebase-functions {\"declared\":true,\"installed\":true,\"version\":\"3.15.7\",\"resolution\":\"C:\\\\Users\\\\dell\\\\Desktop\\\\khadim-tailors\\\\functions\\\\node_modules\\\\firebase-functions\\\\lib\\\\index.js\"}"}}
[debug] [2021-09-27T19:34:44.705Z] [runtime-status] [11064] Resolved module firebase-admin {"declared":true,"installed":true,"version":"9.11.1","resolution":"C:\\Users\\dell\\Desktop\\khadim-tailors\\functions\\node_modules\\firebase-admin\\lib\\index.js"} {"metadata":{"emulator":{"name":"functions"},"message":"[runtime-status] [11064] Resolved module firebase-admin {\"declared\":true,\"installed\":true,\"version\":\"9.11.1\",\"resolution\":\"C:\\\\Users\\\\dell\\\\Desktop\\\\khadim-tailors\\\\functions\\\\node_modules\\\\firebase-admin\\\\lib\\\\index.js\"}"}}
[debug] [2021-09-27T19:34:44.706Z] [runtime-status] [11064] Resolved module firebase-functions {"declared":true,"installed":true,"version":"3.15.7","resolution":"C:\\Users\\dell\\Desktop\\khadim-tailors\\functions\\node_modules\\firebase-functions\\lib\\index.js"} {"metadata":{"emulator":{"name":"functions"},"message":"[runtime-status] [11064] Resolved module firebase-functions {\"declared\":true,\"installed\":true,\"version\":\"3.15.7\",\"resolution\":\"C:\\\\Users\\\\dell\\\\Desktop\\\\khadim-tailors\\\\functions\\\\node_modules\\\\firebase-functions\\\\lib\\\\index.js\"}"}}
[debug] [2021-09-27T19:34:44.707Z] [runtime-status] [11064] firebase-admin has been stubbed. {"adminResolution":{"declared":true,"installed":true,"version":"9.11.1","resolution":"C:\\Users\\dell\\Desktop\\khadim-tailors\\functions\\node_modules\\firebase-admin\\lib\\index.js"}} {"metadata":{"emulator":{"name":"functions"},"message":"[runtime-status] [11064] firebase-admin has been stubbed. {\"adminResolution\":{\"declared\":true,\"installed\":true,\"version\":\"9.11.1\",\"resolution\":\"C:\\\\Users\\\\dell\\\\Desktop\\\\khadim-tailors\\\\functions\\\\node_modules\\\\firebase-admin\\\\lib\\\\index.js\"}}"}}
[debug] [2021-09-27T19:34:44.829Z] [runtime-status] [11064] initializeApp(DEFAULT) {"storageBucket":"khadim-tailors.appspot.com","projectId":"khadim-tailors"} {"metadata":{"emulator":{"name":"functions"},"message":"[runtime-status] [11064] initializeApp(DEFAULT) {\"storageBucket\":\"khadim-tailors.appspot.com\",\"projectId\":\"khadim-tailors\"}"}}
[info] +  functions[us-central1-users]: http function initialized (http://localhost:5001/khadim-tailors/us-central1/users). {"metadata":{"emulator":{"name":"functions"},"message":"\u001b[1mhttp\u001b[22m function initialized (http://localhost:5001/khadim-tailors/us-central1/users)."}}
[info] +  functions[us-central1-profile]: http function initialized (http://localhost:5001/khadim-tailors/us-central1/profile). {"metadata":{"emulator":{"name":"functions"},"message":"\u001b[1mhttp\u001b[22m function initialized (http://localhost:5001/khadim-tailors/us-central1/profile)."}}
[debug] [2021-09-27T19:34:44.835Z] [worker-~diagnostic~-eed1c5c4-27f6-4f8b-bd58-2cb959e0722a]: IDLE {"metadata":{"emulator":{"name":"functions"},"message":"[worker-~diagnostic~-eed1c5c4-27f6-4f8b-bd58-2cb959e0722a]: IDLE"}}
